<?xml version="1.0" encoding="UTF-8"?>
<testng-results skipped="0" failed="0" ignored="0" total="12" passed="12">
  <reporter-output>
  </reporter-output>
  <suite name="Default suite" duration-ms="135851" started-at="2020-07-17T23:18:17 IST" finished-at="2020-07-17T23:20:33 IST">
    <groups>
    </groups>
    <test name="Default test" duration-ms="135851" started-at="2020-07-17T23:18:17 IST" finished-at="2020-07-17T23:20:33 IST">
      <class name="firsttestngpackage.FirstTestNGFile">
        <test-method status="PASS" signature="launchBroswer()[pri:0, instance:firsttestngpackage.FirstTestNGFile@5b87ed94]" name="launchBroswer" is-config="true" duration-ms="16250" started-at="2020-07-17T23:18:17 IST" finished-at="2020-07-17T23:18:34 IST">
          <reporter-output>
          </reporter-output>
        </test-method> <!-- launchBroswer -->
        <test-method status="PASS" signature="registeration()[pri:0, instance:firsttestngpackage.FirstTestNGFile@5b87ed94]" name="registeration" duration-ms="3352" started-at="2020-07-17T23:18:34 IST" finished-at="2020-07-17T23:18:37 IST">
          <reporter-output>
          </reporter-output>
        </test-method> <!-- registeration -->
        <test-method status="PASS" signature="registeration2()[pri:1, instance:firsttestngpackage.FirstTestNGFile@5b87ed94]" name="registeration2" duration-ms="12827" started-at="2020-07-17T23:18:37 IST" finished-at="2020-07-17T23:18:50 IST">
          <reporter-output>
          </reporter-output>
        </test-method> <!-- registeration2 -->
        <test-method status="PASS" signature="searchBarAutomation()[pri:2, instance:firsttestngpackage.FirstTestNGFile@5b87ed94]" name="searchBarAutomation" duration-ms="30420" started-at="2020-07-17T23:18:50 IST" finished-at="2020-07-17T23:19:20 IST">
          <reporter-output>
          </reporter-output>
        </test-method> <!-- searchBarAutomation -->
        <test-method status="PASS" signature="addToCartAutomationPrintedDress()[pri:3, instance:firsttestngpackage.FirstTestNGFile@5b87ed94]" name="addToCartAutomationPrintedDress" duration-ms="13815" started-at="2020-07-17T23:19:20 IST" finished-at="2020-07-17T23:19:34 IST">
          <reporter-output>
          </reporter-output>
        </test-method> <!-- addToCartAutomationPrintedDress -->
        <test-method status="PASS" signature="addToCartAutomationPrintedDress2()[pri:4, instance:firsttestngpackage.FirstTestNGFile@5b87ed94]" name="addToCartAutomationPrintedDress2" duration-ms="11355" started-at="2020-07-17T23:19:34 IST" finished-at="2020-07-17T23:19:45 IST">
          <reporter-output>
          </reporter-output>
        </test-method> <!-- addToCartAutomationPrintedDress2 -->
        <test-method status="PASS" signature="addToCartAutomationPrintedChiffonDress()[pri:5, instance:firsttestngpackage.FirstTestNGFile@5b87ed94]" name="addToCartAutomationPrintedChiffonDress" duration-ms="10979" started-at="2020-07-17T23:19:45 IST" finished-at="2020-07-17T23:19:56 IST">
          <reporter-output>
          </reporter-output>
        </test-method> <!-- addToCartAutomationPrintedChiffonDress -->
        <test-method status="PASS" signature="addToCartAutomationPrintedSummerDress()[pri:6, instance:firsttestngpackage.FirstTestNGFile@5b87ed94]" name="addToCartAutomationPrintedSummerDress" duration-ms="10375" started-at="2020-07-17T23:19:56 IST" finished-at="2020-07-17T23:20:07 IST">
          <reporter-output>
          </reporter-output>
        </test-method> <!-- addToCartAutomationPrintedSummerDress -->
        <test-method status="PASS" signature="addToCartTshirt()[pri:7, instance:firsttestngpackage.FirstTestNGFile@5b87ed94]" name="addToCartTshirt" duration-ms="9273" started-at="2020-07-17T23:20:07 IST" finished-at="2020-07-17T23:20:16 IST">
          <reporter-output>
          </reporter-output>
        </test-method> <!-- addToCartTshirt -->
        <test-method status="PASS" signature="addToCartAutomationBlouse()[pri:8, instance:firsttestngpackage.FirstTestNGFile@5b87ed94]" name="addToCartAutomationBlouse" duration-ms="5856" started-at="2020-07-17T23:20:16 IST" finished-at="2020-07-17T23:20:22 IST">
          <reporter-output>
          </reporter-output>
        </test-method> <!-- addToCartAutomationBlouse -->
        <test-method status="PASS" signature="login_Pass()[pri:9, instance:firsttestngpackage.FirstTestNGFile@5b87ed94]" name="login_Pass" duration-ms="4654" started-at="2020-07-17T23:20:22 IST" finished-at="2020-07-17T23:20:27 IST">
          <reporter-output>
          </reporter-output>
        </test-method> <!-- login_Pass -->
        <test-method status="PASS" signature="loginOUT()[pri:10, instance:firsttestngpackage.FirstTestNGFile@5b87ed94]" name="loginOUT" duration-ms="3586" started-at="2020-07-17T23:20:27 IST" finished-at="2020-07-17T23:20:30 IST">
          <reporter-output>
          </reporter-output>
        </test-method> <!-- loginOUT -->
        <test-method status="PASS" signature="login_Fail()[pri:11, instance:firsttestngpackage.FirstTestNGFile@5b87ed94]" name="login_Fail" duration-ms="3002" started-at="2020-07-17T23:20:30 IST" finished-at="2020-07-17T23:20:33 IST">
          <reporter-output>
          </reporter-output>
        </test-method> <!-- login_Fail -->
      </class> <!-- firsttestngpackage.FirstTestNGFile -->
    </test> <!-- Default test -->
  </suite> <!-- Default suite -->
</testng-results>
