<?xml version="1.0" encoding="UTF-8"?>
<!-- Generated by org.testng.reporters.JUnitXMLReporter -->
<testsuite hostname="NagarajPersonalLaptop" ignored="0" name="Default test" tests="12" failures="0" timestamp="2020-07-17T23:20:33 IST" time="135.851" errors="0">
  <testcase name="registeration" time="3.352" classname="firsttestngpackage.FirstTestNGFile"/>
  <testcase name="registeration2" time="12.827" classname="firsttestngpackage.FirstTestNGFile"/>
  <testcase name="searchBarAutomation" time="30.42" classname="firsttestngpackage.FirstTestNGFile"/>
  <testcase name="addToCartAutomationPrintedDress" time="13.815" classname="firsttestngpackage.FirstTestNGFile"/>
  <testcase name="addToCartAutomationPrintedDress2" time="11.355" classname="firsttestngpackage.FirstTestNGFile"/>
  <testcase name="addToCartAutomationPrintedChiffonDress" time="10.979" classname="firsttestngpackage.FirstTestNGFile"/>
  <testcase name="addToCartAutomationPrintedSummerDress" time="10.375" classname="firsttestngpackage.FirstTestNGFile"/>
  <testcase name="addToCartTshirt" time="9.273" classname="firsttestngpackage.FirstTestNGFile"/>
  <testcase name="addToCartAutomationBlouse" time="5.856" classname="firsttestngpackage.FirstTestNGFile"/>
  <testcase name="login_Pass" time="4.654" classname="firsttestngpackage.FirstTestNGFile"/>
  <testcase name="loginOUT" time="3.586" classname="firsttestngpackage.FirstTestNGFile"/>
  <testcase name="login_Fail" time="3.002" classname="firsttestngpackage.FirstTestNGFile"/>
</testsuite> <!-- Default test -->
